<?xml version="1.0" encoding="UTF-8"?>
<testsuites>
  <testsuite name="send_an_email1" timestamp="2019-05-21T18:53:59" time="24.491" tests="0" failures="0" errors="0" skipped="0">
    <properties>
      <property name="specId" value="053245a6cc36db7a1d9d5297ad75569d"/>
      <property name="suiteName" value="send an email1"/>
      <property name="capabilities" value="chrome"/>
    </properties>
  </testsuite>
  <testsuite name="sending_an_email21" timestamp="2019-05-21T18:53:59" time="24.455" tests="6" failures="0" errors="0" skipped="0">
    <properties>
      <property name="specId" value="053245a6cc36db7a1d9d5297ad75569d"/>
      <property name="suiteName" value="Sending an email21"/>
      <property name="capabilities" value="chrome"/>
    </properties>
    <testcase classname="chrome.Sending an email21" name="I am on the gmail page11" time="24.741"/>
    <testcase classname="chrome.Sending an email21" name="I enter username &quot;heenupathak06@gmail.com&quot; into the text box and click next12" time="21.289"/>
    <testcase classname="chrome.Sending an email21" name="I enter password &quot;obey@GOD11me&quot; into the text box and click next13" time="18.52"/>
    <testcase classname="chrome.Sending an email21" name="I click on compose button14" time="16.094"/>
    <testcase classname="chrome.Sending an email21" name="I enter TO email id &quot;heenu_rocking@yahoo.com&quot; and subject &quot;Testing&quot; and &quot;This mail is for testing purpose&quot;15" time="10.051"/>
    <testcase classname="chrome.Sending an email21" name="email should sent successfully16" time="0.325"/>
  </testsuite>
</testsuites>