<?xml version="1.0" encoding="UTF-8"?>
<testsuites>
  <testsuite name="performing_a_login1" timestamp="2019-04-17T18:39:49" time="12.041" tests="0" failures="0" errors="0" skipped="0">
    <properties>
      <property name="specId" value="11dfc075f7da4bf0784a8cb2b4afdf54"/>
      <property name="suiteName" value="Performing a login1"/>
      <property name="capabilities" value="chrome"/>
    </properties>
  </testsuite>
  <testsuite name="performing_login_operation17" timestamp="2019-04-17T18:39:49" time="12.013" tests="3" failures="0" errors="1" skipped="0">
    <properties>
      <property name="specId" value="11dfc075f7da4bf0784a8cb2b4afdf54"/>
      <property name="suiteName" value="Performing login operation17"/>
      <property name="capabilities" value="chrome"/>
    </properties>
    <testcase classname="chrome.Performing login operation17" name="I am on the facebook login page11" time="12.278"/>
    <testcase classname="chrome.Performing login operation17" name="I enter username and password &quot;heenu_rocking@yahoo.com&quot; &quot;obey@GOD11me&quot; into the text box12" time="8.968"/>
    <testcase classname="chrome.Performing login operation17" name="I should should login to my facebook account13" time="0.285">
      <error message="&#xA;Step &quot;I should should login to my facebook account&quot; is not defined. You can ignore this error by setting&#xA;                              cucumberOpts.ignoreUndefinedDefinitions as true.&#xA;"/>
      <system-err>
        <![CDATA[
/Users/pankaj/github/webdriverIO-with-cucumberBDD/test/features/facebook-login.feature:13
]]>
      </system-err>
    </testcase>
  </testsuite>
</testsuites>